\BOOKMARK [1][-]{section.1}{Introduction}{}% 1
\BOOKMARK [1][-]{section.2}{Background}{}% 2
\BOOKMARK [2][-]{subsection.2.1}{Few-shot learning}{section.2}% 3
\BOOKMARK [2][-]{subsection.2.2}{Prototypical Networks}{section.2}% 4
\BOOKMARK [1][-]{section.3}{Semi-Supervised Few-Shot Learning}{}% 5
\BOOKMARK [2][-]{subsection.3.1}{Semi-Supervised Prototypical Networks}{section.3}% 6
\BOOKMARK [3][-]{subsubsection.3.1.1}{Prototypical Networks with Soft k-Means}{subsection.3.1}% 7
\BOOKMARK [3][-]{subsubsection.3.1.2}{Prototypical Networks with Soft k-Means with a Distractor Cluster}{subsection.3.1}% 8
\BOOKMARK [3][-]{subsubsection.3.1.3}{Prototypical Networks with Soft k-Means and Masking}{subsection.3.1}% 9
\BOOKMARK [1][-]{section.4}{Related Work}{}% 10
\BOOKMARK [1][-]{section.5}{Experiments}{}% 11
\BOOKMARK [2][-]{subsection.5.1}{Datasets}{section.5}% 12
\BOOKMARK [2][-]{subsection.5.2}{Adapting the Datasets for Semi-Supervised Learning}{section.5}% 13
\BOOKMARK [2][-]{subsection.5.3}{Results}{section.5}% 14
\BOOKMARK [1][-]{section.6}{Conclusion}{}% 15
\BOOKMARK [1][-]{appendix.A}{Omniglot Dataset Details}{}% 16
\BOOKMARK [1][-]{appendix.B}{tieredImagenet Dataset Details}{}% 17
\BOOKMARK [1][-]{appendix.C}{Extra Experimental Results}{}% 18
\BOOKMARK [2][-]{subsection.C.1}{Few-shot classification baselines}{appendix.C}% 19
\BOOKMARK [2][-]{subsection.C.2}{Number of unlabeled items}{appendix.C}% 20
\BOOKMARK [1][-]{appendix.D}{Hyperparameter Details}{}% 21
