This is pdfTeX, Version 3.141592653-2.6-1.40.25 (TeX Live 2023) (preloaded format=pdflatex 2023.5.24)  10 MAR 2024 21:00
entering extended mode
 restricted \write18 enabled.
 %&-line parsing enabled.
**arxiv.tex
(./arxiv.tex
LaTeX2e <2022-11-01> patch level 1
L3 programming layer <2023-02-22> (./zgroup/zgroup.cls

LaTeX Warning: You have requested document class `zgroup/zgroup',
               but the document class provides `zgroup'.

Document Class: zgroup 2020/10/07 v1.0 ZGROUP 2020 Style File
(./zgroup/jmlr.cls

LaTeX Warning: You have requested document class `zgroup/jmlr',
               but the document class provides `jmlr'.

Document Class: jmlr 2017/08/01 v1.24 (NLCT) Journal of Machine Learning Resear
ch
(/usr/local/texlive/2023/texmf-dist/tex/latex/xkeyval/xkeyval.sty
Package: xkeyval 2022/06/16 v2.9 package option processing (HA)

(/usr/local/texlive/2023/texmf-dist/tex/generic/xkeyval/xkeyval.tex
(/usr/local/texlive/2023/texmf-dist/tex/generic/xkeyval/xkvutils.tex
\XKV@toks=\toks16
\XKV@tempa@toks=\toks17

(/usr/local/texlive/2023/texmf-dist/tex/generic/xkeyval/keyval.tex))
\XKV@depth=\count185
File: xkeyval.tex 2014/12/03 v2.7a key=value parser (HA)
))
(/usr/local/texlive/2023/texmf-dist/tex/latex/tools/calc.sty
Package: calc 2017/05/25 v4.3 Infix arithmetic (KKT,FJ)
\calc@Acount=\count186
\calc@Bcount=\count187
\calc@Adimen=\dimen140
\calc@Bdimen=\dimen141
\calc@Askip=\skip48
\calc@Bskip=\skip49
LaTeX Info: Redefining \setlength on input line 80.
LaTeX Info: Redefining \addtolength on input line 81.
\calc@Ccount=\count188
\calc@Cskip=\skip50
)
(/usr/local/texlive/2023/texmf-dist/tex/latex/etoolbox/etoolbox.sty
Package: etoolbox 2020/10/05 v2.5k e-TeX tools for LaTeX (JAW)
\etb@tempcnta=\count189
)
(/usr/local/texlive/2023/texmf-dist/tex/latex/psnfss/times.sty
Package: times 2020/03/25 PSNFSS-v9.3 (SPQR) 
)
(/usr/local/texlive/2023/texmf-dist/tex/latex/base/article.cls
Document Class: article 2022/07/02 v1.4n Standard LaTeX document class
(/usr/local/texlive/2023/texmf-dist/tex/latex/base/size11.clo
File: size11.clo 2022/07/02 v1.4n Standard LaTeX file (size option)
)
\c@part=\count190
\c@section=\count191
\c@subsection=\count192
\c@subsubsection=\count193
\c@paragraph=\count194
\c@subparagraph=\count195
\c@figure=\count196
\c@table=\count197
\abovecaptionskip=\skip51
\belowcaptionskip=\skip52
\bibindent=\dimen142
)
(/usr/local/texlive/2023/texmf-dist/tex/latex/amsmath/amsmath.sty
Package: amsmath 2022/04/08 v2.17n AMS math features
\@mathmargin=\skip53

For additional information on amsmath, use the `?' option.
(/usr/local/texlive/2023/texmf-dist/tex/latex/amsmath/amstext.sty
Package: amstext 2021/08/26 v2.01 AMS text

(/usr/local/texlive/2023/texmf-dist/tex/latex/amsmath/amsgen.sty
File: amsgen.sty 1999/11/30 v2.0 generic functions
\@emptytoks=\toks18
\ex@=\dimen143
))
(/usr/local/texlive/2023/texmf-dist/tex/latex/amsmath/amsbsy.sty
Package: amsbsy 1999/11/29 v1.2d Bold Symbols
\pmbraise@=\dimen144
)
(/usr/local/texlive/2023/texmf-dist/tex/latex/amsmath/amsopn.sty
Package: amsopn 2022/04/08 v2.04 operator names
)
\inf@bad=\count198
LaTeX Info: Redefining \frac on input line 234.
\uproot@=\count199
\leftroot@=\count266
LaTeX Info: Redefining \overline on input line 399.
LaTeX Info: Redefining \colon on input line 410.
\classnum@=\count267
\DOTSCASE@=\count268
LaTeX Info: Redefining \ldots on input line 496.
LaTeX Info: Redefining \dots on input line 499.
LaTeX Info: Redefining \cdots on input line 620.
\Mathstrutbox@=\box51
\strutbox@=\box52
LaTeX Info: Redefining \big on input line 722.
LaTeX Info: Redefining \Big on input line 723.
LaTeX Info: Redefining \bigg on input line 724.
LaTeX Info: Redefining \Bigg on input line 725.
\big@size=\dimen145
LaTeX Font Info:    Redeclaring font encoding OML on input line 743.
LaTeX Font Info:    Redeclaring font encoding OMS on input line 744.
\macc@depth=\count269
LaTeX Info: Redefining \bmod on input line 905.
LaTeX Info: Redefining \pmod on input line 910.
LaTeX Info: Redefining \smash on input line 940.
LaTeX Info: Redefining \relbar on input line 970.
LaTeX Info: Redefining \Relbar on input line 971.
\c@MaxMatrixCols=\count270
\dotsspace@=\muskip16
\c@parentequation=\count271
\dspbrk@lvl=\count272
\tag@help=\toks19
\row@=\count273
\column@=\count274
\maxfields@=\count275
\andhelp@=\toks20
\eqnshift@=\dimen146
\alignsep@=\dimen147
\tagshift@=\dimen148
\tagwidth@=\dimen149
\totwidth@=\dimen150
\lineht@=\dimen151
\@envbody=\toks21
\multlinegap=\skip54
\multlinetaggap=\skip55
\mathdisplay@stack=\toks22
LaTeX Info: Redefining \[ on input line 2953.
LaTeX Info: Redefining \] on input line 2954.
)
(/usr/local/texlive/2023/texmf-dist/tex/latex/amsfonts/amssymb.sty
Package: amssymb 2013/01/14 v3.01 AMS font symbols

(/usr/local/texlive/2023/texmf-dist/tex/latex/amsfonts/amsfonts.sty
Package: amsfonts 2013/01/14 v3.01 Basic AMSFonts support
\symAMSa=\mathgroup4
\symAMSb=\mathgroup5
LaTeX Font Info:    Redeclaring math symbol \hbar on input line 98.
LaTeX Font Info:    Overwriting math alphabet `\mathfrak' in version `bold'
(Font)                  U/euf/m/n --> U/euf/b/n on input line 106.
))
(/usr/local/texlive/2023/texmf-dist/tex/latex/natbib/natbib.sty
Package: natbib 2010/09/13 8.31b (PWD, AO)
\bibhang=\skip56
\bibsep=\skip57
LaTeX Info: Redefining \cite on input line 694.
\c@NAT@ctr=\count276
)
(/usr/local/texlive/2023/texmf-dist/tex/latex/graphics/graphicx.sty
Package: graphicx 2021/09/16 v1.2d Enhanced LaTeX Graphics (DPC,SPQR)

(/usr/local/texlive/2023/texmf-dist/tex/latex/graphics/graphics.sty
Package: graphics 2022/03/10 v1.4e Standard LaTeX Graphics (DPC,SPQR)

(/usr/local/texlive/2023/texmf-dist/tex/latex/graphics/trig.sty
Package: trig 2021/08/11 v1.11 sin cos tan (DPC)
)
(/usr/local/texlive/2023/texmf-dist/tex/latex/graphics-cfg/graphics.cfg
File: graphics.cfg 2016/06/04 v1.11 sample graphics configuration
)
Package graphics Info: Driver file: pdftex.def on input line 107.

(/usr/local/texlive/2023/texmf-dist/tex/latex/graphics-def/pdftex.def
File: pdftex.def 2022/09/22 v1.2b Graphics/color driver for pdftex
))
\Gin@req@height=\dimen152
\Gin@req@width=\dimen153
)
(/usr/local/texlive/2023/texmf-dist/tex/latex/url/url.sty
\Urlmuskip=\muskip17
Package: url 2013/09/16  ver 3.4  Verb mode for urls, etc.
)
(/usr/local/texlive/2023/texmf-dist/tex/latex/xcolor/xcolor.sty
Package: xcolor 2022/06/12 v2.14 LaTeX color extensions (UK)

(/usr/local/texlive/2023/texmf-dist/tex/latex/graphics-cfg/color.cfg
File: color.cfg 2016/01/02 v1.6 sample color configuration
)
Package xcolor Info: Driver file: pdftex.def on input line 227.

(/usr/local/texlive/2023/texmf-dist/tex/latex/graphics/mathcolor.ltx)
Package xcolor Info: Model `cmy' substituted by `cmy0' on input line 1353.
Package xcolor Info: Model `hsb' substituted by `rgb' on input line 1357.
Package xcolor Info: Model `RGB' extended on input line 1369.
Package xcolor Info: Model `HTML' substituted by `rgb' on input line 1371.
Package xcolor Info: Model `Hsb' substituted by `hsb' on input line 1372.
Package xcolor Info: Model `tHsb' substituted by `hsb' on input line 1373.
Package xcolor Info: Model `HSB' substituted by `hsb' on input line 1374.
Package xcolor Info: Model `Gray' substituted by `gray' on input line 1375.
Package xcolor Info: Model `wave' substituted by `hsb' on input line 1376.

(/usr/local/texlive/2023/texmf-dist/tex/latex/xcolor/x11nam.def
File: x11nam.def 2022/06/12 v2.14 Predefined colors according to Unix/X11 (UK)
))
(/usr/local/texlive/2023/texmf-dist/tex/latex/algorithm2e/algorithm2e.sty
Package: algorithm2e 2017/07/18 v5.2 algorithms environments
\c@AlgoLine=\count277

(/usr/local/texlive/2023/texmf-dist/tex/latex/base/ifthen.sty
Package: ifthen 2022/04/13 v1.1d Standard LaTeX ifthen package (DPC)
)
\algocf@hangindent=\skip58

(/usr/local/texlive/2023/texmf-dist/tex/latex/ifoddpage/ifoddpage.sty
Package: ifoddpage 2022/10/18 v1.2 Conditionals for odd/even page detection
\c@checkoddpage=\count278
)
(/usr/local/texlive/2023/texmf-dist/tex/latex/tools/xspace.sty
Package: xspace 2014/10/28 v1.13 Space after command names (DPC,MH)
)
(/usr/local/texlive/2023/texmf-dist/tex/latex/relsize/relsize.sty
Package: relsize 2013/03/29 ver 4.1
)
\skiptotal=\skip59
\skiplinenumber=\skip60
\skiprule=\skip61
\skiphlne=\skip62
\skiptext=\skip63
\skiplength=\skip64
\algomargin=\skip65
\skipalgocfslide=\skip66
\algowidth=\dimen154
\inoutsize=\dimen155
\inoutindent=\dimen156
\interspacetitleruled=\dimen157
\interspacealgoruled=\dimen158
\interspacetitleboxruled=\dimen159
\algocf@ruledwidth=\skip67
\algocf@inoutbox=\box53
\algocf@inputbox=\box54
\AlCapSkip=\skip68
\AlCapHSkip=\skip69
\algoskipindent=\skip70
\algocf@nlbox=\box55
\algocf@hangingbox=\box56
\algocf@untilbox=\box57
\algocf@skipuntil=\skip71
\algocf@capbox=\box58
\algocf@lcaptionbox=\skip72
\algoheightruledefault=\skip73
\algoheightrule=\skip74
\algotitleheightruledefault=\skip75
\algotitleheightrule=\skip76
\c@algocfline=\count279
\c@algocfproc=\count280
\c@algocf=\count281
\algocf@algoframe=\box59
\algocf@algobox=\box60
)
(/usr/local/texlive/2023/texmf-dist/tex/latex/jmlr/jmlrutils.sty
Package: jmlrutils 2022/02/09 v1.30 (NLCT)
\c@subfigure=\count282
\@subfloatcapbox=\box61
\@subfloatcontsbox=\box62
\jmlrminsubcaptionwidth=\skip77
\c@subtable=\count283
\c@example=\count284
\c@theorem=\count285
)
(/usr/local/texlive/2023/texmf-dist/tex/latex/hyperref/hyperref.sty
Package: hyperref 2023-02-07 v7.00v Hypertext links for LaTeX

(/usr/local/texlive/2023/texmf-dist/tex/generic/ltxcmds/ltxcmds.sty
Package: ltxcmds 2020-05-10 v1.25 LaTeX kernel commands for general use (HO)
)
(/usr/local/texlive/2023/texmf-dist/tex/generic/iftex/iftex.sty
Package: iftex 2022/02/03 v1.0f TeX engine tests
)
(/usr/local/texlive/2023/texmf-dist/tex/generic/pdftexcmds/pdftexcmds.sty
Package: pdftexcmds 2020-06-27 v0.33 Utility functions of pdfTeX for LuaTeX (HO
)

(/usr/local/texlive/2023/texmf-dist/tex/generic/infwarerr/infwarerr.sty
Package: infwarerr 2019/12/03 v1.5 Providing info/warning/error messages (HO)
)
Package pdftexcmds Info: \pdf@primitive is available.
Package pdftexcmds Info: \pdf@ifprimitive is available.
Package pdftexcmds Info: \pdfdraftmode found.
)
(/usr/local/texlive/2023/texmf-dist/tex/latex/kvsetkeys/kvsetkeys.sty
Package: kvsetkeys 2022-10-05 v1.19 Key value parser (HO)
)
(/usr/local/texlive/2023/texmf-dist/tex/generic/kvdefinekeys/kvdefinekeys.sty
Package: kvdefinekeys 2019-12-19 v1.6 Define keys (HO)
)
(/usr/local/texlive/2023/texmf-dist/tex/generic/pdfescape/pdfescape.sty
Package: pdfescape 2019/12/09 v1.15 Implements pdfTeX's escape features (HO)
)
(/usr/local/texlive/2023/texmf-dist/tex/latex/hycolor/hycolor.sty
Package: hycolor 2020-01-27 v1.10 Color options for hyperref/bookmark (HO)
)
(/usr/local/texlive/2023/texmf-dist/tex/latex/letltxmacro/letltxmacro.sty
Package: letltxmacro 2019/12/03 v1.6 Let assignment for LaTeX macros (HO)
)
(/usr/local/texlive/2023/texmf-dist/tex/latex/auxhook/auxhook.sty
Package: auxhook 2019-12-17 v1.6 Hooks for auxiliary files (HO)
)
(/usr/local/texlive/2023/texmf-dist/tex/latex/hyperref/nameref.sty
Package: nameref 2022-05-17 v2.50 Cross-referencing by name of section

(/usr/local/texlive/2023/texmf-dist/tex/latex/refcount/refcount.sty
Package: refcount 2019/12/15 v3.6 Data extraction from label references (HO)
)
(/usr/local/texlive/2023/texmf-dist/tex/generic/gettitlestring/gettitlestring.s
ty
Package: gettitlestring 2019/12/15 v1.6 Cleanup title references (HO)
 (/usr/local/texlive/2023/texmf-dist/tex/latex/kvoptions/kvoptions.sty
Package: kvoptions 2022-06-15 v3.15 Key value format for package options (HO)
))
\c@section@level=\count286
)
\@linkdim=\dimen160
\Hy@linkcounter=\count287
\Hy@pagecounter=\count288

(/usr/local/texlive/2023/texmf-dist/tex/latex/hyperref/pd1enc.def
File: pd1enc.def 2023-02-07 v7.00v Hyperref: PDFDocEncoding definition (HO)
Now handling font encoding PD1 ...
... no UTF-8 mapping file for font encoding PD1
)
(/usr/local/texlive/2023/texmf-dist/tex/generic/intcalc/intcalc.sty
Package: intcalc 2019/12/15 v1.3 Expandable calculations with integers (HO)
)
(/usr/local/texlive/2023/texmf-dist/tex/generic/etexcmds/etexcmds.sty
Package: etexcmds 2019/12/15 v1.7 Avoid name clashes with e-TeX commands (HO)
)
\Hy@SavedSpaceFactor=\count289

(/usr/local/texlive/2023/texmf-dist/tex/latex/hyperref/puenc.def
File: puenc.def 2023-02-07 v7.00v Hyperref: PDF Unicode definition (HO)
Now handling font encoding PU ...
... no UTF-8 mapping file for font encoding PU
)
Package hyperref Info: Hyper figures OFF on input line 4177.
Package hyperref Info: Link nesting OFF on input line 4182.
Package hyperref Info: Hyper index ON on input line 4185.
Package hyperref Info: Plain pages OFF on input line 4192.
Package hyperref Info: Backreferencing OFF on input line 4197.
Package hyperref Info: Implicit mode ON; LaTeX internals redefined.
Package hyperref Info: Bookmarks ON on input line 4425.
\c@Hy@tempcnt=\count290
LaTeX Info: Redefining \url on input line 4763.
\XeTeXLinkMargin=\dimen161

(/usr/local/texlive/2023/texmf-dist/tex/generic/bitset/bitset.sty
Package: bitset 2019/12/09 v1.3 Handle bit-vector datatype (HO)

(/usr/local/texlive/2023/texmf-dist/tex/generic/bigintcalc/bigintcalc.sty
Package: bigintcalc 2019/12/15 v1.5 Expandable calculations on big integers (HO
)
))
\Fld@menulength=\count291
\Field@Width=\dimen162
\Fld@charsize=\dimen163
Package hyperref Info: Hyper figures OFF on input line 6042.
Package hyperref Info: Link nesting OFF on input line 6047.
Package hyperref Info: Hyper index ON on input line 6050.
Package hyperref Info: backreferencing OFF on input line 6057.
Package hyperref Info: Link coloring OFF on input line 6062.
Package hyperref Info: Link coloring with OCG OFF on input line 6067.
Package hyperref Info: PDF/A mode OFF on input line 6072.

(/usr/local/texlive/2023/texmf-dist/tex/latex/base/atbegshi-ltx.sty
Package: atbegshi-ltx 2021/01/10 v1.0c Emulation of the original atbegshi
package with kernel methods
)
\Hy@abspage=\count292
\c@Item=\count293
\c@Hfootnote=\count294
)
Package hyperref Info: Driver (autodetected): hpdftex.

(/usr/local/texlive/2023/texmf-dist/tex/latex/hyperref/hpdftex.def
File: hpdftex.def 2023-02-07 v7.00v Hyperref driver for pdfTeX

(/usr/local/texlive/2023/texmf-dist/tex/latex/base/atveryend-ltx.sty
Package: atveryend-ltx 2020/08/19 v1.0a Emulation of the original atveryend pac
kage
with kernel methods
)
\Fld@listcount=\count295
\c@bookmark@seq@number=\count296

(/usr/local/texlive/2023/texmf-dist/tex/latex/rerunfilecheck/rerunfilecheck.sty
Package: rerunfilecheck 2022-07-10 v1.10 Rerun checks for auxiliary files (HO)

(/usr/local/texlive/2023/texmf-dist/tex/generic/uniquecounter/uniquecounter.sty
Package: uniquecounter 2019/12/15 v1.4 Provide unlimited unique counter (HO)
)
Package uniquecounter Info: New unique counter `rerunfilecheck' on input line 2
85.
)
\Hy@SectionHShift=\skip78
)
Package hyperref Info: Option `colorlinks' set `true' on input line 166.
Package hyperref Info: Option `linktocpage' set `true' on input line 166.
Package hyperref Info: Option `plainpages' set `false' on input line 166.
\aftertitskip=\skip79
\beforetitskip=\skip80
\interauthorskip=\skip81
\aftermaketitskip=\skip82
\jmlrlength=\skip83
\jmlrbox=\box63
\c@chapter=\count297
\postchapterskip=\skip84
\prechapterskip=\skip85
)) (/usr/local/texlive/2023/texmf-dist/tex/latex/base/inputenc.sty
Package: inputenc 2021/02/14 v1.3d Input encoding file
\inpenc@prehook=\toks23
\inpenc@posthook=\toks24
)
(/usr/local/texlive/2023/texmf-dist/tex/latex/algorithms/algorithm.sty
Package: algorithm 2009/08/24 v0.1 Document Style `algorithm' - floating enviro
nment

(/usr/local/texlive/2023/texmf-dist/tex/latex/float/float.sty
Package: float 2001/11/08 v1.3d Float enhancements (AL)
\c@float@type=\count298
\float@exts=\toks25
\float@box=\box64
\@float@everytoks=\toks26
\@floatcapt=\box65
)
\@float@every@algorithm=\toks27
\c@algorithm=\count299
)
(/usr/local/texlive/2023/texmf-dist/tex/latex/algorithms/algorithmic.sty
Package: algorithmic 2009/08/24 v0.1 Document Style `algorithmic'
\c@ALC@unique=\count300
\c@ALC@line=\count301
\c@ALC@rem=\count302
\c@ALC@depth=\count303
\ALC@tlm=\skip86
\algorithmicindent=\skip87
)
(/usr/local/texlive/2023/texmf-dist/tex/latex/tools/bm.sty
Package: bm 2022/01/05 v1.2f Bold Symbol Support (DPC/FMi)
\symboldoperators=\mathgroup6
\symboldletters=\mathgroup7
\symboldsymbols=\mathgroup8
Package bm Info: No bold for \OMX/cmex/m/n, using \pmb.
Package bm Info: No bold for \U/msa/m/n, using \pmb.
Package bm Info: No bold for \U/msb/m/n, using \pmb.
LaTeX Font Info:    Redeclaring math alphabet \mathbf on input line 149.
)
(/usr/local/texlive/2023/texmf-dist/tex/latex/bbm-macros/bbm.sty
Package: bbm 1999/03/15 V 1.2 provides fonts for set symbols - TH
LaTeX Font Info:    Overwriting math alphabet `\mathbbm' in version `bold'
(Font)                  U/bbm/m/n --> U/bbm/bx/n on input line 33.
LaTeX Font Info:    Overwriting math alphabet `\mathbbmss' in version `bold'
(Font)                  U/bbmss/m/n --> U/bbmss/bx/n on input line 35.
)
(/usr/local/texlive/2023/texmf-dist/tex/latex/eqparbox/eqparbox.sty
Package: eqparbox 2017/09/03 v4.1 Create equal-widthed boxes
\eqp@tempdima=\skip88
\eqp@tempdimb=\skip89

(/usr/local/texlive/2023/texmf-dist/tex/latex/tools/array.sty
Package: array 2022/09/04 v2.5g Tabular extension package (FMi)
\col@sep=\dimen164
\ar@mcellbox=\box66
\extrarowheight=\dimen165
\NC@list=\toks28
\extratabsurround=\skip90
\backup@length=\skip91
\ar@cellbox=\box67
)
\eqp@tabular@box=\box68
\eqp@list@box=\box69
\eqp@list@indent=\skip92

(/usr/local/texlive/2023/texmf-dist/tex/latex/environ/environ.sty
Package: environ 2014/05/04 v0.3 A new way to define environments

(/usr/local/texlive/2023/texmf-dist/tex/latex/trimspaces/trimspaces.sty
Package: trimspaces 2009/09/17 v1.1 Trim spaces around a token list
)))
(/usr/local/texlive/2023/texmf-dist/tex/latex/wrapfig/wrapfig.sty
\wrapoverhang=\dimen166
\WF@size=\dimen167
\c@WF@wrappedlines=\count304
\WF@box=\box70
\WF@everypar=\toks29
Package: wrapfig 2003/01/31  v 3.6
)
(/usr/local/texlive/2023/texmf-dist/tex/latex/lipsum/lipsum.sty
(/usr/local/texlive/2023/texmf-dist/tex/latex/l3packages/l3keys2e/l3keys2e.sty
(/usr/local/texlive/2023/texmf-dist/tex/latex/l3kernel/expl3.sty
Package: expl3 2023-02-22 L3 programming layer (loader) 

(/usr/local/texlive/2023/texmf-dist/tex/latex/l3backend/l3backend-pdftex.def
File: l3backend-pdftex.def 2023-01-16 L3 backend support: PDF output (pdfTeX)
\l__color_backend_stack_int=\count305
\l__pdf_internal_box=\box71
))
Package: l3keys2e 2023-02-02 LaTeX2e option processing using LaTeX3 keys
)
Package: lipsum 2021-09-20 v2.7 150 paragraphs of Lorem Ipsum dummy text
\g__lipsum_par_int=\count306
\l__lipsum_a_int=\count307
\l__lipsum_b_int=\count308
(/usr/local/texlive/2023/texmf-dist/tex/latex/lipsum/lipsum.ltd.tex))
(/usr/local/texlive/2023/texmf-dist/tex/latex/tools/multicol.sty
Package: multicol 2021/11/30 v1.9d multicolumn formatting (FMi)
\c@tracingmulticols=\count309
\mult@box=\box72
\multicol@leftmargin=\dimen168
\c@unbalance=\count310
\c@collectmore=\count311
\doublecol@number=\count312
\multicoltolerance=\count313
\multicolpretolerance=\count314
\full@width=\dimen169
\page@free=\dimen170
\premulticols=\dimen171
\postmulticols=\dimen172
\multicolsep=\skip93
\multicolbaselineskip=\skip94
\partial@page=\box73
\last@line=\box74
\maxbalancingoverflow=\dimen173
\mult@rightbox=\box75
\mult@grightbox=\box76
\mult@firstbox=\box77
\mult@gfirstbox=\box78
\@tempa=\box79
\@tempa=\box80
\@tempa=\box81
\@tempa=\box82
\@tempa=\box83
\@tempa=\box84
\@tempa=\box85
\@tempa=\box86
\@tempa=\box87
\@tempa=\box88
\@tempa=\box89
\@tempa=\box90
\@tempa=\box91
\@tempa=\box92
\@tempa=\box93
\@tempa=\box94
\@tempa=\box95
\@tempa=\box96
\@tempa=\box97
\@tempa=\box98
\@tempa=\box99
\@tempa=\box100
\@tempa=\box101
\@tempa=\box102
\@tempa=\box103
\@tempa=\box104
\@tempa=\box105
\@tempa=\box106
\@tempa=\box107
\@tempa=\box108
\@tempa=\box109
\@tempa=\box110
\@tempa=\box111
\@tempa=\box112
\@tempa=\box113
\@tempa=\box114
\c@minrows=\count315
\c@columnbadness=\count316
\c@finalcolumnbadness=\count317
\last@try=\dimen174
\multicolovershoot=\dimen175
\multicolundershoot=\dimen176
\mult@nat@firstbox=\box115
\colbreak@box=\box116
\mc@col@check@num=\count318
)
(/usr/local/texlive/2023/texmf-dist/tex/latex/multirow/multirow.sty
Package: multirow 2021/03/15 v2.8 Span multiple rows of a table
\multirow@colwidth=\skip95
\multirow@cntb=\count319
\multirow@dima=\skip96
\bigstrutjot=\dimen177
)
(/usr/local/texlive/2023/texmf-dist/tex/latex/colortbl/colortbl.sty
Package: colortbl 2022/06/20 v1.0f Color table columns (DPC)
\everycr=\toks30
\minrowclearance=\skip97
\rownum=\count320
)
(/usr/local/texlive/2023/texmf-dist/tex/latex/enumitem/enumitem.sty
Package: enumitem 2019/06/20 v3.9 Customized lists
\enitkv@toks@=\toks31
\labelindent=\skip98
\enit@outerparindent=\dimen178
\enit@toks=\toks32
\enit@inbox=\box117
\enit@count@id=\count321
\enitdp@description=\count322
)
(/usr/local/texlive/2023/texmf-dist/tex/latex/booktabs/booktabs.sty
Package: booktabs 2020/01/12 v1.61803398 Publication quality tables
\heavyrulewidth=\dimen179
\lightrulewidth=\dimen180
\cmidrulewidth=\dimen181
\belowrulesep=\dimen182
\belowbottomsep=\dimen183
\aboverulesep=\dimen184
\abovetopsep=\dimen185
\cmidrulesep=\dimen186
\cmidrulekern=\dimen187
\defaultaddspace=\dimen188
\@cmidla=\count323
\@cmidlb=\count324
\@aboverulesep=\dimen189
\@belowrulesep=\dimen190
\@thisruleclass=\count325
\@lastruleclass=\count326
\@thisrulewidth=\dimen191
)
(/usr/local/texlive/2023/texmf-dist/tex/latex/caption/caption.sty
Package: caption 2023/03/12 v3.6j Customizing captions (AR)

(/usr/local/texlive/2023/texmf-dist/tex/latex/caption/caption3.sty
Package: caption3 2023/03/12 v2.4 caption3 kernel (AR)
\caption@tempdima=\dimen192
\captionmargin=\dimen193
\caption@leftmargin=\dimen194
\caption@rightmargin=\dimen195
\caption@width=\dimen196
\caption@indent=\dimen197
\caption@parindent=\dimen198
\caption@hangindent=\dimen199
Package caption Info: Unknown document class (or package),
(caption)             standard defaults will be used.
Package caption Info: \@makecaption = \long macro:#1#2->\vskip 10pt \setbox \@t
empboxa \hbox {#1: #2}\ifdim \wd \@tempboxa >\hsize \begin {list}{#1:}{\settowi
dth {\labelwidth }{#1:} \setlength {\leftmargin }{\labelwidth } \addtolength {\
leftmargin }{\labelsep } }\item #2 \end {list}\par \else \hbox to\hsize {\hfil 
\box \@tempboxa \hfil } \fi  on input line 1176.
)

Package caption Warning: Unknown document class (or package),
(caption)                standard defaults will be used.
See the caption package documentation for explanation.

\c@caption@flags=\count327
\c@continuedfloat=\count328
Package caption Info: float package is loaded.
Package caption Info: hyperref package is loaded.
Package caption Info: wrapfig package is loaded.
) (./sections/macros.tex) (./sections/math_commands.tex
LaTeX Font Info:    Overwriting math alphabet `\mathsfit' in version `bold'
(Font)                  OT1/phv/m/sl --> OT1/phv/bx/n on input line 325.
)
LaTeX Font Info:    Trying to load font information for OT1+ptm on input line 6
0.

(/usr/local/texlive/2023/texmf-dist/tex/latex/psnfss/ot1ptm.fd
File: ot1ptm.fd 2001/06/04 font definitions for OT1/ptm.
) (./arxiv.aux)
\openout1 = `arxiv.aux'.

LaTeX Font Info:    Checking defaults for OML/cmm/m/it on input line 60.
LaTeX Font Info:    ... okay on input line 60.
LaTeX Font Info:    Checking defaults for OMS/cmsy/m/n on input line 60.
LaTeX Font Info:    ... okay on input line 60.
LaTeX Font Info:    Checking defaults for OT1/cmr/m/n on input line 60.
LaTeX Font Info:    ... okay on input line 60.
LaTeX Font Info:    Checking defaults for T1/cmr/m/n on input line 60.
LaTeX Font Info:    ... okay on input line 60.
LaTeX Font Info:    Checking defaults for TS1/cmr/m/n on input line 60.
LaTeX Font Info:    ... okay on input line 60.
LaTeX Font Info:    Checking defaults for OMX/cmex/m/n on input line 60.
LaTeX Font Info:    ... okay on input line 60.
LaTeX Font Info:    Checking defaults for U/cmr/m/n on input line 60.
LaTeX Font Info:    ... okay on input line 60.
LaTeX Font Info:    Checking defaults for PD1/pdf/m/n on input line 60.
LaTeX Font Info:    ... okay on input line 60.
LaTeX Font Info:    Checking defaults for PU/pdf/m/n on input line 60.
LaTeX Font Info:    ... okay on input line 60.

(/usr/local/texlive/2023/texmf-dist/tex/context/base/mkii/supp-pdf.mkii
[Loading MPS to PDF converter (version 2006.09.02).]
\scratchcounter=\count329
\scratchdimen=\dimen256
\scratchbox=\box118
\nofMPsegments=\count330
\nofMParguments=\count331
\everyMPshowfont=\toks33
\MPscratchCnt=\count332
\MPscratchDim=\dimen257
\MPnumerator=\count333
\makeMPintoPDFobject=\count334
\everyMPtoPDFconversion=\toks34
) (/usr/local/texlive/2023/texmf-dist/tex/latex/epstopdf-pkg/epstopdf-base.sty
Package: epstopdf-base 2020-01-24 v2.11 Base part for package epstopdf
Package epstopdf-base Info: Redefining graphics rule for `.eps' on input line 4
85.

(/usr/local/texlive/2023/texmf-dist/tex/latex/latexconfig/epstopdf-sys.cfg
File: epstopdf-sys.cfg 2010/07/13 v1.3 Configuration of (r)epstopdf for TeX Liv
e
))
Package hyperref Info: Link coloring ON on input line 60.

(./arxiv.out) (./arxiv.out)
\@outlinefile=\write3
\openout3 = `arxiv.out'.

Package caption Info: Begin \AtBeginDocument code.
Package caption Info: End \AtBeginDocument code.
LaTeX Font Info:    Trying to load font information for U+msa on input line 62.


(/usr/local/texlive/2023/texmf-dist/tex/latex/amsfonts/umsa.fd
File: umsa.fd 2013/01/14 v3.01 AMS symbols A
)
LaTeX Font Info:    Trying to load font information for U+msb on input line 62.


(/usr/local/texlive/2023/texmf-dist/tex/latex/amsfonts/umsb.fd
File: umsb.fd 2013/01/14 v3.01 AMS symbols B
)
Underfull \hbox (badness 10000) in paragraph at lines 62--62

 []


Package hyperref Warning: Ignoring empty anchor on input line 62.

(./sections/abstract_generalization.tex) (./sections/intro_generalization.tex
[1

{/usr/local/texlive/2023/texmf-var/fonts/map/pdftex/updmap/pdftex.map}{/usr/loc
al/texlive/2023/texmf-dist/fonts/enc/dvips/base/8r.enc}])
(./sections/fig_benchmark.tex
<figures/benchmark-v2.pdf, id=107, 928.46875pt x 232.87pt>
File: figures/benchmark-v2.pdf Graphic file (type pdf)
<use figures/benchmark-v2.pdf>
Package pdftex.def Info: figures/benchmark-v2.pdf  used on input line 13.
(pdftex.def)             Requested size: 420.61192pt x 105.49408pt.
) (./sections/benchmark.tex
Overfull \hbox (28.91054pt too wide) has occurred while \output is active
   \OT1/ptm/m/sc/10 M. Ren$[][]$, E. Triantafillou$[][]$, K.-C. Wang$[][]$, J. 
Lucas$[][]$, J. Snell, X. Pitkow, A.S. Tolias & R. Zemel.   
 []

[2 <./figures/benchmark-v2.pdf>]) (./sections/method.tex
Overfull \hbox (28.91054pt too wide) has occurred while \output is active
   \OT1/ptm/m/sc/10 M. Ren$[][]$, E. Triantafillou$[][]$, K.-C. Wang$[][]$, J. 
Lucas$[][]$, J. Snell, X. Pitkow, A.S. Tolias & R. Zemel.   
 []

[3]
LaTeX Font Info:    Trying to load font information for TS1+ptm on input line 2
7.
 (/usr/local/texlive/2023/texmf-dist/tex/latex/psnfss/ts1ptm.fd
File: ts1ptm.fd 2001/06/04 font definitions for TS1/ptm.
)
Overfull \hbox (28.91054pt too wide) has occurred while \output is active
   \OT1/ptm/m/sc/10 M. Ren$[][]$, E. Triantafillou$[][]$, K.-C. Wang$[][]$, J. 
Lucas$[][]$, J. Snell, X. Pitkow, A.S. Tolias & R. Zemel.   
 []

[4]
Overfull \hbox (7.36511pt too wide) in paragraph at lines 94--111
[]\OT1/ptm/m/n/10.95 Unsupervised-then-FineTune-on-Episodes (\OT1/ptm/b/n/10.95
 UFTE\OT1/ptm/m/n/10.95 ). We adopt the Pro-to-typ-i-cal Net-works ([][]Snell
 []

) (./sections/tab_comparison.tex

Class jmlr Warning: Obsolete command \bf detected on input line 33.


Class jmlr Warning: Obsolete command \bf detected on input line 33.


Class jmlr Warning: Obsolete command \bf detected on input line 33.

) (./sections/related.tex
Overfull \hbox (28.91054pt too wide) has occurred while \output is active
   \OT1/ptm/m/sc/10 M. Ren$[][]$, E. Triantafillou$[][]$, K.-C. Wang$[][]$, J. 
Lucas$[][]$, J. Snell, X. Pitkow, A.S. Tolias & R. Zemel.   
 []

[5]
Overfull \hbox (28.91054pt too wide) has occurred while \output is active
   \OT1/ptm/m/sc/10 M. Ren$[][]$, E. Triantafillou$[][]$, K.-C. Wang$[][]$, J. 
Lucas$[][]$, J. Snell, X. Pitkow, A.S. Tolias & R. Zemel.   
 []

[6]) (./sections/experiments.tex

Class jmlr Warning: Obsolete command \bf detected on input line 59.


Class jmlr Warning: Obsolete command \bf detected on input line 59.


Class jmlr Warning: Obsolete command \it detected on input line 59.


Class jmlr Warning: Obsolete command \it detected on input line 59.


Class jmlr Warning: Obsolete command \it detected on input line 59.


Class jmlr Warning: Obsolete command \it detected on input line 59.


Class jmlr Warning: Obsolete command \it detected on input line 59.


Class jmlr Warning: Obsolete command \it detected on input line 59.


Class jmlr Warning: Obsolete command \it detected on input line 59.


Class jmlr Warning: Obsolete command \it detected on input line 59.


Class jmlr Warning: Obsolete command \bf detected on input line 59.


Class jmlr Warning: Obsolete command \bf detected on input line 59.


Class jmlr Warning: Obsolete command \it detected on input line 59.


Class jmlr Warning: Obsolete command \bf detected on input line 59.


Class jmlr Warning: Obsolete command \bf detected on input line 59.


Class jmlr Warning: Obsolete command \bf detected on input line 59.


Class jmlr Warning: Obsolete command \bf detected on input line 59.


Class jmlr Warning: Obsolete command \it detected on input line 59.


Overfull \hbox (28.91054pt too wide) has occurred while \output is active
   \OT1/ptm/m/sc/10 M. Ren$[][]$, E. Triantafillou$[][]$, K.-C. Wang$[][]$, J. 
Lucas$[][]$, J. Snell, X. Pitkow, A.S. Tolias & R. Zemel.   
 []

[7]

Class jmlr Warning: Obsolete command \bf detected on input line 167.


Class jmlr Warning: Obsolete command \bf detected on input line 167.


Class jmlr Warning: Obsolete command \bf detected on input line 167.


Class jmlr Warning: Obsolete command \bf detected on input line 167.


Class jmlr Warning: Obsolete command \bf detected on input line 167.


Class jmlr Warning: Obsolete command \bf detected on input line 246.


Class jmlr Warning: Obsolete command \bf detected on input line 246.


Class jmlr Warning: Obsolete command \bf detected on input line 246.


Class jmlr Warning: Obsolete command \bf detected on input line 246.


Class jmlr Warning: Obsolete command \bf detected on input line 246.


Class jmlr Warning: Obsolete command \bf detected on input line 291.


Class jmlr Warning: Obsolete command \bf detected on input line 291.


Class jmlr Warning: Obsolete command \bf detected on input line 291.


Class jmlr Warning: Obsolete command \bf detected on input line 291.


Overfull \hbox (28.91054pt too wide) has occurred while \output is active
   \OT1/ptm/m/sc/10 M. Ren$[][]$, E. Triantafillou$[][]$, K.-C. Wang$[][]$, J. 
Lucas$[][]$, J. Snell, X. Pitkow, A.S. Tolias & R. Zemel.   
 []

[8]
Overfull \hbox (28.91054pt too wide) has occurred while \output is active
   \OT1/ptm/m/sc/10 M. Ren$[][]$, E. Triantafillou$[][]$, K.-C. Wang$[][]$, J. 
Lucas$[][]$, J. Snell, X. Pitkow, A.S. Tolias & R. Zemel.   
 []

[9]

Class jmlr Warning: Obsolete command \bf detected on input line 542.


Class jmlr Warning: Obsolete command \it detected on input line 542.


Class jmlr Warning: Obsolete command \it detected on input line 542.



pdfTeX warning: pdflatex (file ./figures/vis_cam_iccv.pdf): PDF inclusion: foun
d PDF version <1.7>, but at most version <1.5> allowed
<figures/vis_cam_iccv.pdf, id=387, 963.6pt x 542.025pt>
File: figures/vis_cam_iccv.pdf Graphic file (type pdf)
<use figures/vis_cam_iccv.pdf>
Package pdftex.def Info: figures/vis_cam_iccv.pdf  used on input line 611.
(pdftex.def)             Requested size: 433.62pt x 137.6389pt.
<figures/celeb-a-nshot-v3.pdf, id=393, 441.65pt x 410.53375pt>
File: figures/celeb-a-nshot-v3.pdf Graphic file (type pdf)
<use figures/celeb-a-nshot-v3.pdf>
Package pdftex.def Info: figures/celeb-a-nshot-v3.pdf  used on input line 655.
(pdftex.def)             Requested size: 95.07967pt x 88.2037pt.
<figures/zappos-nshot-v4.pdf, id=395, 446.66875pt x 409.53pt>
File: figures/zappos-nshot-v4.pdf Graphic file (type pdf)
<use figures/zappos-nshot-v4.pdf>
Package pdftex.def Info: figures/zappos-nshot-v4.pdf  used on input line 657.
(pdftex.def)             Requested size: 96.42781pt x 88.2037pt.
<figures/test-s5.pdf, id=397, 361.35pt x 361.35pt>
File: figures/test-s5.pdf Graphic file (type pdf)
<use figures/test-s5.pdf>
Package pdftex.def Info: figures/test-s5.pdf  used on input line 673.
(pdftex.def)             Requested size: 93.89365pt x 93.89418pt.
<figures/test-s20.pdf, id=398, 361.35pt x 361.35pt>
File: figures/test-s20.pdf Graphic file (type pdf)
<use figures/test-s20.pdf>
Package pdftex.def Info: figures/test-s20.pdf  used on input line 675.
(pdftex.def)             Requested size: 93.89365pt x 93.89418pt.

Overfull \hbox (28.91054pt too wide) has occurred while \output is active
   \OT1/ptm/m/sc/10 M. Ren$[][]$, E. Triantafillou$[][]$, K.-C. Wang$[][]$, J. 
Lucas$[][]$, J. Snell, X. Pitkow, A.S. Tolias & R. Zemel.   
 []

[10 <./figures/vis_cam_iccv.pdf>]
Overfull \hbox (28.91054pt too wide) has occurred while \output is active
   \OT1/ptm/m/sc/10 M. Ren$[][]$, E. Triantafillou$[][]$, K.-C. Wang$[][]$, J. 
Lucas$[][]$, J. Snell, X. Pitkow, A.S. Tolias & R. Zemel.   
 []

[11 <./figures/test-s5.pdf> <./figures/test-s20.pdf

pdfTeX warning: pdflatex (file ./figures/test-s20.pdf): PDF inclusion: multiple
 pdfs with page group included in a single page
> <./figures/celeb-a-nshot-v3.pdf> <./figures/zappos-nshot-v4.pdf>]
<./figures/transferability_combo.pdf, id=567, 963.6pt x 711.65875pt>
File: ./figures/transferability_combo.pdf Graphic file (type pdf)
<use ./figures/transferability_combo.pdf>
Package pdftex.def Info: ./figures/transferability_combo.pdf  used on input lin
e 801.
(pdftex.def)             Requested size: 433.62pt x 320.24347pt.

Overfull \hbox (28.91054pt too wide) has occurred while \output is active
   \OT1/ptm/m/sc/10 M. Ren$[][]$, E. Triantafillou$[][]$, K.-C. Wang$[][]$, J. 
Lucas$[][]$, J. Snell, X. Pitkow, A.S. Tolias & R. Zemel.   
 []

[12]
Overfull \hbox (28.91054pt too wide) has occurred while \output is active
   \OT1/ptm/m/sc/10 M. Ren$[][]$, E. Triantafillou$[][]$, K.-C. Wang$[][]$, J. 
Lucas$[][]$, J. Snell, X. Pitkow, A.S. Tolias & R. Zemel.   
 []

[13 <./figures/transferability_combo.pdf>]) (./sections/conclusion.tex)
(./sections/ack.tex
Overfull \hbox (28.91054pt too wide) has occurred while \output is active
   \OT1/ptm/m/sc/10 M. Ren$[][]$, E. Triantafillou$[][]$, K.-C. Wang$[][]$, J. 
Lucas$[][]$, J. Snell, X. Pitkow, A.S. Tolias & R. Zemel.   
 []

[14]
LaTeX Font Info:    Trying to load font information for OT1+pcr on input line 1
0.
 (/usr/local/texlive/2023/texmf-dist/tex/latex/psnfss/ot1pcr.fd
File: ot1pcr.fd 2001/06/04 font definitions for OT1/pcr.
))
(./arxiv.bbl
Overfull \hbox (28.91054pt too wide) has occurred while \output is active
   \OT1/ptm/m/sc/10 M. Ren$[][]$, E. Triantafillou$[][]$, K.-C. Wang$[][]$, J. 
Lucas$[][]$, J. Snell, X. Pitkow, A.S. Tolias & R. Zemel.   
 []

[15]
Underfull \hbox (badness 1259) in paragraph at lines 120--124
[]\OT1/ptm/m/n/10.95 Yunhui Guo, Noel C. F. Codella, Leonid Kar-lin-sky, John R
. Smith, Ta-jana Ros-ing, and
 []


Overfull \hbox (28.91054pt too wide) has occurred while \output is active
   \OT1/ptm/m/sc/10 M. Ren$[][]$, E. Triantafillou$[][]$, K.-C. Wang$[][]$, J. 
Lucas$[][]$, J. Snell, X. Pitkow, A.S. Tolias & R. Zemel.   
 []

[16]
Overfull \hbox (28.91054pt too wide) has occurred while \output is active
   \OT1/ptm/m/sc/10 M. Ren$[][]$, E. Triantafillou$[][]$, K.-C. Wang$[][]$, J. 
Lucas$[][]$, J. Snell, X. Pitkow, A.S. Tolias & R. Zemel.   
 []

[17]
Overfull \hbox (28.91054pt too wide) has occurred while \output is active
   \OT1/ptm/m/sc/10 M. Ren$[][]$, E. Triantafillou$[][]$, K.-C. Wang$[][]$, J. 
Lucas$[][]$, J. Snell, X. Pitkow, A.S. Tolias & R. Zemel.   
 []

[18])
Overfull \hbox (28.91054pt too wide) has occurred while \output is active
   \OT1/ptm/m/sc/10 M. Ren$[][]$, E. Triantafillou$[][]$, K.-C. Wang$[][]$, J. 
Lucas$[][]$, J. Snell, X. Pitkow, A.S. Tolias & R. Zemel.   
 []

[19] (./appendix/appendix.tex

Class jmlr Warning: Obsolete command \bf detected on input line 17.


Class jmlr Warning: Obsolete command \bf detected on input line 17.


Class jmlr Warning: Obsolete command \bf detected on input line 17.


Class jmlr Warning: Obsolete command \bf detected on input line 17.


Class jmlr Warning: Obsolete command \bf detected on input line 17.


Class jmlr Warning: Obsolete command \bf detected on input line 17.


Class jmlr Warning: Obsolete command \bf detected on input line 17.


Class jmlr Warning: Obsolete command \bf detected on input line 17.


Class jmlr Warning: Obsolete command \bf detected on input line 17.


Class jmlr Warning: Obsolete command \bf detected on input line 20.


Class jmlr Warning: Obsolete command \bf detected on input line 20.


Class jmlr Warning: Obsolete command \bf detected on input line 21.


Class jmlr Warning: Obsolete command \bf detected on input line 21.


Class jmlr Warning: Obsolete command \bf detected on input line 22.


Class jmlr Warning: Obsolete command \bf detected on input line 22.


Class jmlr Warning: Obsolete command \bf detected on input line 23.


Class jmlr Warning: Obsolete command \bf detected on input line 23.


Class jmlr Warning: Obsolete command \bf detected on input line 78.


Class jmlr Warning: Obsolete command \bf detected on input line 78.


Class jmlr Warning: Obsolete command \bf detected on input line 78.


Class jmlr Warning: Obsolete command \bf detected on input line 78.


Class jmlr Warning: Obsolete command \bf detected on input line 78.


Class jmlr Warning: Obsolete command \bf detected on input line 78.


Class jmlr Warning: Obsolete command \bf detected on input line 78.


Class jmlr Warning: Obsolete command \bf detected on input line 78.


Class jmlr Warning: Obsolete command \bf detected on input line 78.


Class jmlr Warning: Obsolete command \bf detected on input line 78.


Class jmlr Warning: Obsolete command \bf detected on input line 78.


Class jmlr Warning: Obsolete command \bf detected on input line 78.


Class jmlr Warning: Obsolete command \bf detected on input line 92.


Class jmlr Warning: Obsolete command \bf detected on input line 92.


Class jmlr Warning: Obsolete command \bf detected on input line 92.


Class jmlr Warning: Obsolete command \bf detected on input line 92.


Class jmlr Warning: Obsolete command \bf detected on input line 92.


Overfull \hbox (28.91054pt too wide) has occurred while \output is active
   \OT1/ptm/m/sc/10 M. Ren$[][]$, E. Triantafillou$[][]$, K.-C. Wang$[][]$, J. 
Lucas$[][]$, J. Snell, X. Pitkow, A.S. Tolias & R. Zemel.   
 []

[20


]
<figures/vis_cam_iccv_supp.pdf, id=666, 911.405pt x 472.76625pt>
File: figures/vis_cam_iccv_supp.pdf Graphic file (type pdf)
<use figures/vis_cam_iccv_supp.pdf>
Package pdftex.def Info: figures/vis_cam_iccv_supp.pdf  used on input line 128.

(pdftex.def)             Requested size: 390.25534pt x 202.43428pt.
<figures/additional_viz_celeb_1.pdf, id=667, 720.6925pt x 283.0575pt>
File: figures/additional_viz_celeb_1.pdf Graphic file (type pdf)
<use figures/additional_viz_celeb_1.pdf>
Package pdftex.def Info: figures/additional_viz_celeb_1.pdf  used on input line
 140.
(pdftex.def)             Requested size: 390.25534pt x 153.27635pt.
<figures/additional_viz_celeb_2.pdf, id=668, 720.6925pt x 283.0575pt>
File: figures/additional_viz_celeb_2.pdf Graphic file (type pdf)
<use figures/additional_viz_celeb_2.pdf>
Package pdftex.def Info: figures/additional_viz_celeb_2.pdf  used on input line
 142.
(pdftex.def)             Requested size: 390.25534pt x 153.27635pt.
<figures/additional_viz_zappos_1.pdf, id=669, 720.6925pt x 283.0575pt>
File: figures/additional_viz_zappos_1.pdf Graphic file (type pdf)
<use figures/additional_viz_zappos_1.pdf>
Package pdftex.def Info: figures/additional_viz_zappos_1.pdf  used on input lin
e 155.
(pdftex.def)             Requested size: 390.25534pt x 153.27635pt.
<figures/additional_viz_zappos_2.pdf, id=670, 720.6925pt x 283.0575pt>
File: figures/additional_viz_zappos_2.pdf Graphic file (type pdf)
<use figures/additional_viz_zappos_2.pdf>
Package pdftex.def Info: figures/additional_viz_zappos_2.pdf  used on input lin
e 157.
(pdftex.def)             Requested size: 390.25534pt x 153.27635pt.
 (./appendix/celeb_a_split.tex) (./appendix/zappos_split.tex
Overfull \hbox (28.91054pt too wide) has occurred while \output is active
   \OT1/ptm/m/sc/10 M. Ren$[][]$, E. Triantafillou$[][]$, K.-C. Wang$[][]$, J. 
Lucas$[][]$, J. Snell, X. Pitkow, A.S. Tolias & R. Zemel.   
 []

[21 <./figures/vis_cam_iccv_supp.pdf>]) (./appendix/imageneta_split.tex
Overfull \hbox (28.91054pt too wide) has occurred while \output is active
   \OT1/ptm/m/sc/10 M. Ren$[][]$, E. Triantafillou$[][]$, K.-C. Wang$[][]$, J. 
Lucas$[][]$, J. Snell, X. Pitkow, A.S. Tolias & R. Zemel.   
 []

[22 <./figures/additional_viz_celeb_1.pdf> <./figures/additional_viz_celeb_2.pd
f>]) (./appendix/linear_toy_problem.tex
Overfull \hbox (28.91054pt too wide) has occurred while \output is active
   \OT1/ptm/m/sc/10 M. Ren$[][]$, E. Triantafillou$[][]$, K.-C. Wang$[][]$, J. 
Lucas$[][]$, J. Snell, X. Pitkow, A.S. Tolias & R. Zemel.   
 []

[23 <./figures/additional_viz_zappos_1.pdf> <./figures/additional_viz_zappos_2.
pdf>]
<figures/WA_abs_flexible_inferno.pdf, id=852, 570.93298pt x 570.93298pt>
File: figures/WA_abs_flexible_inferno.pdf Graphic file (type pdf)
<use figures/WA_abs_flexible_inferno.pdf>
Package pdftex.def Info: figures/WA_abs_flexible_inferno.pdf  used on input lin
e 29.
(pdftex.def)             Requested size: 208.13574pt x 208.1318pt.
<figures/WA_abs_standard_inferno.pdf, id=853, 570.93298pt x 570.93298pt>
File: figures/WA_abs_standard_inferno.pdf Graphic file (type pdf)
<use figures/WA_abs_standard_inferno.pdf>
Package pdftex.def Info: figures/WA_abs_standard_inferno.pdf  used on input lin
e 34.
(pdftex.def)             Requested size: 208.13574pt x 208.1318pt.

Overfull \hbox (28.91054pt too wide) has occurred while \output is active
   \OT1/ptm/m/sc/10 M. Ren$[][]$, E. Triantafillou$[][]$, K.-C. Wang$[][]$, J. 
Lucas$[][]$, J. Snell, X. Pitkow, A.S. Tolias & R. Zemel.   
 []

[24]
Overfull \hbox (28.91054pt too wide) has occurred while \output is active
   \OT1/ptm/m/sc/10 M. Ren$[][]$, E. Triantafillou$[][]$, K.-C. Wang$[][]$, J. 
Lucas$[][]$, J. Snell, X. Pitkow, A.S. Tolias & R. Zemel.   
 []

[25 <./figures/WA_abs_flexible_inferno.pdf> <./figures/WA_abs_standard_inferno.
pdf

pdfTeX warning: pdflatex (file ./figures/WA_abs_standard_inferno.pdf): PDF incl
usion: multiple pdfs with page group included in a single page
>]))
Overfull \hbox (28.91054pt too wide) has occurred while \output is active
   \OT1/ptm/m/sc/10 M. Ren$[][]$, E. Triantafillou$[][]$, K.-C. Wang$[][]$, J. 
Lucas$[][]$, J. Snell, X. Pitkow, A.S. Tolias & R. Zemel.   
 []

[26] (./arxiv.aux)
Package rerunfilecheck Info: File `arxiv.out' has not changed.
(rerunfilecheck)             Checksum: 3D6CC530E49AFD8D21B84B6EB510B142;3354.
 ) 
Here is how much of TeX's memory you used:
 17055 strings out of 476025
 273800 string characters out of 5790017
 1875388 words of memory out of 5000000
 36997 multiletter control sequences out of 15000+600000
 545835 words of font info for 112 fonts, out of 8000000 for 9000
 1141 hyphenation exceptions out of 8191
 104i,15n,117p,1719b,653s stack positions out of 10000i,1000n,20000p,200000b,200000s
</usr/local/texlive/2023/texmf-dist/fonts/type1/public/amsfonts/cm/cmbx10.pfb
></usr/local/texlive/2023/texmf-dist/fonts/type1/public/amsfonts/cm/cmbx8.pfb><
/usr/local/texlive/2023/texmf-dist/fonts/type1/public/amsfonts/cm/cmex10.pfb></
usr/local/texlive/2023/texmf-dist/fonts/type1/public/amsfonts/cm/cmmi10.pfb></u
sr/local/texlive/2023/texmf-dist/fonts/type1/public/amsfonts/cm/cmmi6.pfb></usr
/local/texlive/2023/texmf-dist/fonts/type1/public/amsfonts/cm/cmmi8.pfb></usr/l
ocal/texlive/2023/texmf-dist/fonts/type1/public/amsfonts/cm/cmmib10.pfb></usr/l
ocal/texlive/2023/texmf-dist/fonts/type1/public/amsfonts/cm/cmr10.pfb></usr/loc
al/texlive/2023/texmf-dist/fonts/type1/public/amsfonts/cm/cmr6.pfb></usr/local/
texlive/2023/texmf-dist/fonts/type1/public/amsfonts/cm/cmr8.pfb></usr/local/tex
live/2023/texmf-dist/fonts/type1/public/amsfonts/cm/cmsy10.pfb></usr/local/texl
ive/2023/texmf-dist/fonts/type1/public/amsfonts/cm/cmsy6.pfb></usr/local/texliv
e/2023/texmf-dist/fonts/type1/public/amsfonts/cm/cmsy7.pfb></usr/local/texlive/
2023/texmf-dist/fonts/type1/public/amsfonts/cm/cmsy8.pfb></usr/local/texlive/20
23/texmf-dist/fonts/type1/public/amsfonts/symbols/msam10.pfb></usr/local/texliv
e/2023/texmf-dist/fonts/type1/public/amsfonts/symbols/msbm10.pfb></usr/local/te
xlive/2023/texmf-dist/fonts/type1/urw/courier/ucrr8a.pfb></usr/local/texlive/20
23/texmf-dist/fonts/type1/urw/times/utmb8a.pfb></usr/local/texlive/2023/texmf-d
ist/fonts/type1/urw/times/utmr8a.pfb></usr/local/texlive/2023/texmf-dist/fonts/
type1/urw/times/utmri8a.pfb>
Output written on arxiv.pdf (26 pages, 5499240 bytes).
PDF statistics:
 1004 PDF objects out of 1200 (max. 8388607)
 703 compressed objects within 8 object streams
 146 named destinations out of 1000 (max. 500000)
 247 words of extra memory for PDF output out of 10000 (max. 10000000)

